<?xml version="1.0" encoding="UTF-8"?>
<!-- Generated by org.testng.reporters.JUnitReportReporter -->
<testsuite hostname="NSWSYDNLP213" name="com.automationframeworks.suiterunners.SuiteRunnerTest" tests="1" failures="0" timestamp="13 Jul 2018 00:31:19 GMT" time="0.593" errors="0">
  <testcase name="feature" time="0.593" classname="com.automationframeworks.suiterunners.SuiteRunnerTest"/>
</testsuite> <!-- com.automationframeworks.suiterunners.SuiteRunnerTest -->
