<?xml version="1.0" encoding="UTF-8"?>
<!-- Generated by org.testng.reporters.JUnitReportReporter -->
<testsuite hostname="NSWSYDNLP213" name="com.automationframeworks.cucumber_selenium_testng.RunCukesTest" tests="1" failures="0" timestamp="13 Jul 2018 00:14:22 GMT" time="0.410" errors="0">
  <testcase name="feature" time="0.410" classname="com.automationframeworks.cucumber_selenium_testng.RunCukesTest"/>
</testsuite> <!-- com.automationframeworks.cucumber_selenium_testng.RunCukesTest -->
