<?xml version="1.0" encoding="UTF-8"?>
<!-- Generated by org.testng.reporters.JUnitReportReporter -->
<testsuite hostname="NSWSYDNLP213" name="com.automationframeworks.cucumber_selenium_testng.suiterunner$RunCukesTest" tests="1" failures="0" timestamp="12 Jul 2018 06:31:44 GMT" time="0.306" errors="0">
  <testcase name="feature" time="0.306" classname="com.automationframeworks.cucumber_selenium_testng.suiterunner$RunCukesTest"/>
</testsuite> <!-- com.automationframeworks.cucumber_selenium_testng.suiterunner$RunCukesTest -->
