<?xml version="1.0" encoding="UTF-8"?>
<!-- Generated by org.testng.reporters.JUnitReportReporter -->
<testsuite hostname="NSWSYDNLP213" name="com.automationframeworks.cucumber_selenium_testng.SuiteRunner" tests="1" failures="0" timestamp="13 Jul 2018 00:14:58 GMT" time="0.403" errors="0">
  <testcase name="feature" time="0.403" classname="com.automationframeworks.cucumber_selenium_testng.SuiteRunner"/>
</testsuite> <!-- com.automationframeworks.cucumber_selenium_testng.SuiteRunner -->
